C:\Program Files (x86)\Microsoft Visual Studio\2017\Enterprise\MSBuild\15.0\Bin\Microsoft.Common.CurrentVersion.targets(1755,5): warning : The referenced project 'C:/Users/tj/Documents/OpenGL-tutorial_Binaries/external/GLEW_190.vcxproj' does not exist.
C:\Program Files (x86)\Microsoft Visual Studio\2017\Enterprise\MSBuild\15.0\Bin\Microsoft.Common.CurrentVersion.targets(1755,5): warning : The referenced project 'C:/Users/tj/Documents/OpenGL-tutorial_Binaries/external/GLFW_276.vcxproj' does not exist.
C:\Program Files (x86)\Microsoft Visual Studio\2017\Enterprise\MSBuild\15.0\Bin\Microsoft.Common.CurrentVersion.targets(1755,5): warning : The referenced project 'C:/Users/tj/Documents/OpenGL-tutorial_Binaries/ZERO_CHECK.vcxproj' does not exist.
  CGTutorial.cpp
  Obj3D.cpp
  objects.cpp
  objloader.cpp
objects.cpp(203): warning C4018: "<=": Konflikt zwischen "signed" und "unsigned"
objects.cpp(213): warning C4018: "<=": Konflikt zwischen "signed" und "unsigned"
CGTutorial.cpp(352): warning C4305: "=": Verkürzung von "double" in "float"
CGTutorial.cpp(601): warning C4244: "=": Konvertierung von "double" in "float", möglicher Datenverlust
  Obsticle.cpp
  shader.cpp
  texture.cpp
  LINK : Debug\CGTutorial.exe wurde nicht gefunden oder beim letzten inkrementellen Linkvorgang nicht erstellt; vollständiger Link wird durchgeführt.
glfw3d.lib(context.obj) : warning LNK4099: PDB "glfw.pdb" wurde nicht mit "glfw3d.lib(context.obj)" oder an "D:\CG\Abgabe\Projekt\Debug\glfw.pdb" gefunden; Objekt wird verknüpft, als ob keine Debuginformationen vorhanden wären.
glfw3d.lib(init.obj) : warning LNK4099: PDB "glfw.pdb" wurde nicht mit "glfw3d.lib(init.obj)" oder an "D:\CG\Abgabe\Projekt\Debug\glfw.pdb" gefunden; Objekt wird verknüpft, als ob keine Debuginformationen vorhanden wären.
glfw3d.lib(input.obj) : warning LNK4099: PDB "glfw.pdb" wurde nicht mit "glfw3d.lib(input.obj)" oder an "D:\CG\Abgabe\Projekt\Debug\glfw.pdb" gefunden; Objekt wird verknüpft, als ob keine Debuginformationen vorhanden wären.
glfw3d.lib(monitor.obj) : warning LNK4099: PDB "glfw.pdb" wurde nicht mit "glfw3d.lib(monitor.obj)" oder an "D:\CG\Abgabe\Projekt\Debug\glfw.pdb" gefunden; Objekt wird verknüpft, als ob keine Debuginformationen vorhanden wären.
glfw3d.lib(window.obj) : warning LNK4099: PDB "glfw.pdb" wurde nicht mit "glfw3d.lib(window.obj)" oder an "D:\CG\Abgabe\Projekt\Debug\glfw.pdb" gefunden; Objekt wird verknüpft, als ob keine Debuginformationen vorhanden wären.
glfw3d.lib(win32_init.obj) : warning LNK4099: PDB "glfw.pdb" wurde nicht mit "glfw3d.lib(win32_init.obj)" oder an "D:\CG\Abgabe\Projekt\Debug\glfw.pdb" gefunden; Objekt wird verknüpft, als ob keine Debuginformationen vorhanden wären.
glfw3d.lib(win32_monitor.obj) : warning LNK4099: PDB "glfw.pdb" wurde nicht mit "glfw3d.lib(win32_monitor.obj)" oder an "D:\CG\Abgabe\Projekt\Debug\glfw.pdb" gefunden; Objekt wird verknüpft, als ob keine Debuginformationen vorhanden wären.
glfw3d.lib(win32_time.obj) : warning LNK4099: PDB "glfw.pdb" wurde nicht mit "glfw3d.lib(win32_time.obj)" oder an "D:\CG\Abgabe\Projekt\Debug\glfw.pdb" gefunden; Objekt wird verknüpft, als ob keine Debuginformationen vorhanden wären.
glfw3d.lib(win32_tls.obj) : warning LNK4099: PDB "glfw.pdb" wurde nicht mit "glfw3d.lib(win32_tls.obj)" oder an "D:\CG\Abgabe\Projekt\Debug\glfw.pdb" gefunden; Objekt wird verknüpft, als ob keine Debuginformationen vorhanden wären.
glfw3d.lib(win32_window.obj) : warning LNK4099: PDB "glfw.pdb" wurde nicht mit "glfw3d.lib(win32_window.obj)" oder an "D:\CG\Abgabe\Projekt\Debug\glfw.pdb" gefunden; Objekt wird verknüpft, als ob keine Debuginformationen vorhanden wären.
glfw3d.lib(winmm_joystick.obj) : warning LNK4099: PDB "glfw.pdb" wurde nicht mit "glfw3d.lib(winmm_joystick.obj)" oder an "D:\CG\Abgabe\Projekt\Debug\glfw.pdb" gefunden; Objekt wird verknüpft, als ob keine Debuginformationen vorhanden wären.
glfw3d.lib(wgl_context.obj) : warning LNK4099: PDB "glfw.pdb" wurde nicht mit "glfw3d.lib(wgl_context.obj)" oder an "D:\CG\Abgabe\Projekt\Debug\glfw.pdb" gefunden; Objekt wird verknüpft, als ob keine Debuginformationen vorhanden wären.
glew32sd.lib(glew.obj) : warning LNK4099: PDB "glew_static.pdb" wurde nicht mit "glew32sd.lib(glew.obj)" oder an "D:\CG\Abgabe\Projekt\Debug\glew_static.pdb" gefunden; Objekt wird verknüpft, als ob keine Debuginformationen vorhanden wären.
  CGTutorial.vcxproj -> D:\CG\Abgabe\Projekt\Debug\CGTutorial.exe
  CGTutorial.vcxproj -> Debug/CGTutorial.pdb (Full PDB)
